Determining if the system is big endian passed with the following output:
Change Dir: /Users/zj/Desktop/code/opencv-2.4.9/CMakeFiles/CMakeTmp

Run Build Command:/usr/bin/make "cmTryCompileExec3652488974/fast"
/usr/bin/make -f CMakeFiles/cmTryCompileExec3652488974.dir/build.make CMakeFiles/cmTryCompileExec3652488974.dir/build
/usr/local/Cellar/cmake/2.8.12.1/bin/cmake -E cmake_progress_report /Users/zj/Desktop/code/opencv-2.4.9/CMakeFiles/CMakeTmp/CMakeFiles 1
Building C object CMakeFiles/cmTryCompileExec3652488974.dir/TestEndianess.c.o
/usr/bin/cc   -fsigned-char -W -Werror=return-type -Werror=address -Werror=sequence-point -Wformat -Werror=format-security -Wmissing-declarations -Wmissing-prototypes -Wstrict-prototypes -Wundef -Winit-self -Wpointer-arith -Wshadow -Wsign-promo -Wno-narrowing -Wno-delete-non-virtual-dtor -Wno-unnamed-type-template-args -fdiagnostics-show-option -fno-omit-frame-pointer -msse -msse2 -msse3  -O3 -DNDEBUG   -o CMakeFiles/cmTryCompileExec3652488974.dir/TestEndianess.c.o   -c /Users/zj/Desktop/code/opencv-2.4.9/CMakeFiles/CMakeTmp/TestEndianess.c
Linking C executable cmTryCompileExec3652488974
/usr/local/Cellar/cmake/2.8.12.1/bin/cmake -E cmake_link_script CMakeFiles/cmTryCompileExec3652488974.dir/link.txt --verbose=1
/usr/bin/cc     -fsigned-char -W -Werror=return-type -Werror=address -Werror=sequence-point -Wformat -Werror=format-security -Wmissing-declarations -Wmissing-prototypes -Wstrict-prototypes -Wundef -Winit-self -Wpointer-arith -Wshadow -Wsign-promo -Wno-narrowing -Wno-delete-non-virtual-dtor -Wno-unnamed-type-template-args -fdiagnostics-show-option -fno-omit-frame-pointer -msse -msse2 -msse3  -O3 -DNDEBUG -Wl,-search_paths_first -Wl,-headerpad_max_install_names   CMakeFiles/cmTryCompileExec3652488974.dir/TestEndianess.c.o  -o cmTryCompileExec3652488974  

TestEndianess.c:
/* A 16 bit integer is required. */
typedef unsigned short cmakeint16;

/* On a little endian machine, these 16bit ints will give "THIS IS LITTLE ENDIAN."
   On a big endian machine the characters will be exchanged pairwise. */
const cmakeint16 info_little[] =  {0x4854, 0x5349, 0x4920, 0x2053, 0x494c, 0x5454, 0x454c, 0x4520, 0x444e, 0x4149, 0x2e4e, 0x0000};

/* on a big endian machine, these 16bit ints will give "THIS IS BIG ENDIAN."
   On a little endian machine the characters will be exchanged pairwise. */
const cmakeint16 info_big[] =     {0x5448, 0x4953, 0x2049, 0x5320, 0x4249, 0x4720, 0x454e, 0x4449, 0x414e, 0x2e2e, 0x0000};

#ifdef __CLASSIC_C__
int main(argc, argv) int argc; char *argv[];
#else
int main(int argc, char *argv[])
#endif
{
  int require = 0;
  require += info_little[argc];
  require += info_big[argc];
  (void)argv;
  return require;
}


Determining size of off64_t failed with the following output:
Change Dir: /Users/zj/Desktop/code/opencv-2.4.9/CMakeFiles/CMakeTmp

Run Build Command:/usr/bin/make "cmTryCompileExec2306995439/fast"
/usr/bin/make -f CMakeFiles/cmTryCompileExec2306995439.dir/build.make CMakeFiles/cmTryCompileExec2306995439.dir/build
/usr/local/Cellar/cmake/2.8.12.1/bin/cmake -E cmake_progress_report /Users/zj/Desktop/code/opencv-2.4.9/CMakeFiles/CMakeTmp/CMakeFiles 1
Building C object CMakeFiles/cmTryCompileExec2306995439.dir/OFF64_T.c.o
/usr/bin/cc   -fsigned-char -W -Werror=return-type -Werror=address -Werror=sequence-point -Wformat -Werror=format-security -Wmissing-declarations -Wmissing-prototypes -Wstrict-prototypes -Wundef -Winit-self -Wpointer-arith -Wshadow -Wsign-promo -Wno-narrowing -Wno-delete-non-virtual-dtor -Wno-unnamed-type-template-args -fdiagnostics-show-option -fno-omit-frame-pointer -msse -msse2 -msse3  -O3 -DNDEBUG   -o CMakeFiles/cmTryCompileExec2306995439.dir/OFF64_T.c.o   -c /Users/zj/Desktop/code/opencv-2.4.9/CMakeFiles/CheckTypeSize/OFF64_T.c
/Users/zj/Desktop/code/opencv-2.4.9/CMakeFiles/CheckTypeSize/OFF64_T.c:19:12: error: use of undeclared identifier 'off64_t'; did you mean 'off_t'?
  ('0' + ((SIZE / 10000)%10)),
           ^
/Users/zj/Desktop/code/opencv-2.4.9/CMakeFiles/CheckTypeSize/OFF64_T.c:17:22: note: expanded from macro 'SIZE'
#define SIZE (sizeof(off64_t))
                     ^
/usr/include/sys/types.h:172:25: note: 'off_t' declared here
typedef __darwin_off_t          off_t;
                                ^
/Users/zj/Desktop/code/opencv-2.4.9/CMakeFiles/CheckTypeSize/OFF64_T.c:20:12: error: use of undeclared identifier 'off64_t'; did you mean 'off_t'?
  ('0' + ((SIZE / 1000)%10)),
           ^
/Users/zj/Desktop/code/opencv-2.4.9/CMakeFiles/CheckTypeSize/OFF64_T.c:17:22: note: expanded from macro 'SIZE'
#define SIZE (sizeof(off64_t))
                     ^
/usr/include/sys/types.h:172:25: note: 'off_t' declared here
typedef __darwin_off_t          off_t;
                                ^
/Users/zj/Desktop/code/opencv-2.4.9/CMakeFiles/CheckTypeSize/OFF64_T.c:21:12: error: use of undeclared identifier 'off64_t'; did you mean 'off_t'?
  ('0' + ((SIZE / 100)%10)),
           ^
/Users/zj/Desktop/code/opencv-2.4.9/CMakeFiles/CheckTypeSize/OFF64_T.c:17:22: note: expanded from macro 'SIZE'
#define SIZE (sizeof(off64_t))
                     ^
/usr/include/sys/types.h:172:25: note: 'off_t' declared here
typedef __darwin_off_t          off_t;
                                ^
/Users/zj/Desktop/code/opencv-2.4.9/CMakeFiles/CheckTypeSize/OFF64_T.c:22:12: error: use of undeclared identifier 'off64_t'; did you mean 'off_t'?
  ('0' + ((SIZE / 10)%10)),
           ^
/Users/zj/Desktop/code/opencv-2.4.9/CMakeFiles/CheckTypeSize/OFF64_T.c:17:22: note: expanded from macro 'SIZE'
#define SIZE (sizeof(off64_t))
                     ^
/usr/include/sys/types.h:172:25: note: 'off_t' declared here
typedef __darwin_off_t          off_t;
                                ^
/Users/zj/Desktop/code/opencv-2.4.9/CMakeFiles/CheckTypeSize/OFF64_T.c:23:12: error: use of undeclared identifier 'off64_t'; did you mean 'off_t'?
  ('0' +  (SIZE    % 10)),
           ^
/Users/zj/Desktop/code/opencv-2.4.9/CMakeFiles/CheckTypeSize/OFF64_T.c:17:22: note: expanded from macro 'SIZE'
#define SIZE (sizeof(off64_t))
                     ^
/usr/include/sys/types.h:172:25: note: 'off_t' declared here
typedef __darwin_off_t          off_t;
                                ^
5 errors generated.
make[1]: *** [CMakeFiles/cmTryCompileExec2306995439.dir/OFF64_T.c.o] Error 1
make: *** [cmTryCompileExec2306995439/fast] Error 2

/Users/zj/Desktop/code/opencv-2.4.9/CMakeFiles/CheckTypeSize/OFF64_T.c:
#include <sys/types.h>
#include <stdint.h>
#include <stddef.h>


#undef KEY
#if defined(__i386)
# define KEY '_','_','i','3','8','6'
#elif defined(__x86_64)
# define KEY '_','_','x','8','6','_','6','4'
#elif defined(__ppc__)
# define KEY '_','_','p','p','c','_','_'
#elif defined(__ppc64__)
# define KEY '_','_','p','p','c','6','4','_','_'
#endif

#define SIZE (sizeof(off64_t))
char info_size[] =  {'I', 'N', 'F', 'O', ':', 's','i','z','e','[',
  ('0' + ((SIZE / 10000)%10)),
  ('0' + ((SIZE / 1000)%10)),
  ('0' + ((SIZE / 100)%10)),
  ('0' + ((SIZE / 10)%10)),
  ('0' +  (SIZE    % 10)),
  ']',
#ifdef KEY
  ' ','k','e','y','[', KEY, ']',
#endif
  '\0'};

#ifdef __CLASSIC_C__
int main(argc, argv) int argc; char *argv[];
#else
int main(int argc, char *argv[])
#endif
{
  int require = 0;
  require += info_size[argc];
  (void)argv;
  return require;
}


Determining if the include file io.h exists failed with the following output:
Change Dir: /Users/zj/Desktop/code/opencv-2.4.9/CMakeFiles/CMakeTmp

Run Build Command:/usr/bin/make "cmTryCompileExec2986909225/fast"
/usr/bin/make -f CMakeFiles/cmTryCompileExec2986909225.dir/build.make CMakeFiles/cmTryCompileExec2986909225.dir/build
/usr/local/Cellar/cmake/2.8.12.1/bin/cmake -E cmake_progress_report /Users/zj/Desktop/code/opencv-2.4.9/CMakeFiles/CMakeTmp/CMakeFiles 1
Building C object CMakeFiles/cmTryCompileExec2986909225.dir/CheckIncludeFile.c.o
/usr/bin/cc   -fsigned-char -W -Werror=return-type -Werror=address -Werror=sequence-point -Wformat -Werror=format-security -Wmissing-declarations -Wmissing-prototypes -Wstrict-prototypes -Wundef -Winit-self -Wpointer-arith -Wshadow -Wsign-promo -Wno-narrowing -Wno-delete-non-virtual-dtor -Wno-unnamed-type-template-args -fdiagnostics-show-option -fno-omit-frame-pointer -msse -msse2 -msse3  -O3 -DNDEBUG   -o CMakeFiles/cmTryCompileExec2986909225.dir/CheckIncludeFile.c.o   -c /Users/zj/Desktop/code/opencv-2.4.9/CMakeFiles/CMakeTmp/CheckIncludeFile.c
/Users/zj/Desktop/code/opencv-2.4.9/CMakeFiles/CMakeTmp/CheckIncludeFile.c:1:10: fatal error: 'io.h' file not found
#include <io.h>
         ^
1 error generated.
make[1]: *** [CMakeFiles/cmTryCompileExec2986909225.dir/CheckIncludeFile.c.o] Error 1
make: *** [cmTryCompileExec2986909225/fast] Error 2


Determining if the function jbg_newlen exists failed with the following output:
Change Dir: /Users/zj/Desktop/code/opencv-2.4.9/CMakeFiles/CMakeTmp

Run Build Command:/usr/bin/make "cmTryCompileExec2171805756/fast"
/usr/bin/make -f CMakeFiles/cmTryCompileExec2171805756.dir/build.make CMakeFiles/cmTryCompileExec2171805756.dir/build
/usr/local/Cellar/cmake/2.8.12.1/bin/cmake -E cmake_progress_report /Users/zj/Desktop/code/opencv-2.4.9/CMakeFiles/CMakeTmp/CMakeFiles 1
Building C object CMakeFiles/cmTryCompileExec2171805756.dir/CheckFunctionExists.c.o
/usr/bin/cc   -fsigned-char -W -Werror=return-type -Werror=address -Werror=sequence-point -Wformat -Werror=format-security -Wmissing-declarations -Wmissing-prototypes -Wstrict-prototypes -Wundef -Winit-self -Wpointer-arith -Wshadow -Wsign-promo -Wno-narrowing -Wno-delete-non-virtual-dtor -Wno-unnamed-type-template-args -fdiagnostics-show-option -fno-omit-frame-pointer -msse -msse2 -msse3 -DCHECK_FUNCTION_EXISTS=jbg_newlen -O3 -DNDEBUG   -o CMakeFiles/cmTryCompileExec2171805756.dir/CheckFunctionExists.c.o   -c /usr/local/Cellar/cmake/2.8.12.1/share/cmake/Modules/CheckFunctionExists.c
Linking C executable cmTryCompileExec2171805756
/usr/local/Cellar/cmake/2.8.12.1/bin/cmake -E cmake_link_script CMakeFiles/cmTryCompileExec2171805756.dir/link.txt --verbose=1
/usr/bin/cc     -fsigned-char -W -Werror=return-type -Werror=address -Werror=sequence-point -Wformat -Werror=format-security -Wmissing-declarations -Wmissing-prototypes -Wstrict-prototypes -Wundef -Winit-self -Wpointer-arith -Wshadow -Wsign-promo -Wno-narrowing -Wno-delete-non-virtual-dtor -Wno-unnamed-type-template-args -fdiagnostics-show-option -fno-omit-frame-pointer -msse -msse2 -msse3 -DCHECK_FUNCTION_EXISTS=jbg_newlen -O3 -DNDEBUG -Wl,-search_paths_first -Wl,-headerpad_max_install_names   CMakeFiles/cmTryCompileExec2171805756.dir/CheckFunctionExists.c.o  -o cmTryCompileExec2171805756  
Undefined symbols for architecture x86_64:
  "_jbg_newlen", referenced from:
      _main in CheckFunctionExists.c.o
ld: symbol(s) not found for architecture x86_64
clang: error: linker command failed with exit code 1 (use -v to see invocation)
make[1]: *** [cmTryCompileExec2171805756] Error 1
make: *** [cmTryCompileExec2171805756/fast] Error 2


Determining if the include file linux/videodev.h exists failed with the following output:
Change Dir: /Users/zj/Desktop/code/opencv-2.4.9/CMakeFiles/CMakeTmp

Run Build Command:/usr/bin/make "cmTryCompileExec253154675/fast"
/usr/bin/make -f CMakeFiles/cmTryCompileExec253154675.dir/build.make CMakeFiles/cmTryCompileExec253154675.dir/build
/usr/local/Cellar/cmake/2.8.12.1/bin/cmake -E cmake_progress_report /Users/zj/Desktop/code/opencv-2.4.9/CMakeFiles/CMakeTmp/CMakeFiles 1
Building C object CMakeFiles/cmTryCompileExec253154675.dir/CheckIncludeFile.c.o
/usr/bin/cc   -fsigned-char -W -Werror=return-type -Werror=address -Werror=sequence-point -Wformat -Werror=format-security -Wmissing-declarations -Wmissing-prototypes -Wstrict-prototypes -Wundef -Winit-self -Wpointer-arith -Wshadow -Wsign-promo -Wno-narrowing -Wno-delete-non-virtual-dtor -Wno-unnamed-type-template-args -fdiagnostics-show-option -fno-omit-frame-pointer -msse -msse2 -msse3  -O3 -DNDEBUG   -o CMakeFiles/cmTryCompileExec253154675.dir/CheckIncludeFile.c.o   -c /Users/zj/Desktop/code/opencv-2.4.9/CMakeFiles/CMakeTmp/CheckIncludeFile.c
/Users/zj/Desktop/code/opencv-2.4.9/CMakeFiles/CMakeTmp/CheckIncludeFile.c:1:10: fatal error: 'linux/videodev.h' file not found
#include <linux/videodev.h>
         ^
1 error generated.
make[1]: *** [CMakeFiles/cmTryCompileExec253154675.dir/CheckIncludeFile.c.o] Error 1
make: *** [cmTryCompileExec253154675/fast] Error 2


Determining if the include file linux/videodev2.h exists failed with the following output:
Change Dir: /Users/zj/Desktop/code/opencv-2.4.9/CMakeFiles/CMakeTmp

Run Build Command:/usr/bin/make "cmTryCompileExec760545655/fast"
/usr/bin/make -f CMakeFiles/cmTryCompileExec760545655.dir/build.make CMakeFiles/cmTryCompileExec760545655.dir/build
/usr/local/Cellar/cmake/2.8.12.1/bin/cmake -E cmake_progress_report /Users/zj/Desktop/code/opencv-2.4.9/CMakeFiles/CMakeTmp/CMakeFiles 1
Building C object CMakeFiles/cmTryCompileExec760545655.dir/CheckIncludeFile.c.o
/usr/bin/cc   -fsigned-char -W -Werror=return-type -Werror=address -Werror=sequence-point -Wformat -Werror=format-security -Wmissing-declarations -Wmissing-prototypes -Wstrict-prototypes -Wundef -Winit-self -Wpointer-arith -Wshadow -Wsign-promo -Wno-narrowing -Wno-delete-non-virtual-dtor -Wno-unnamed-type-template-args -fdiagnostics-show-option -fno-omit-frame-pointer -msse -msse2 -msse3  -O3 -DNDEBUG   -o CMakeFiles/cmTryCompileExec760545655.dir/CheckIncludeFile.c.o   -c /Users/zj/Desktop/code/opencv-2.4.9/CMakeFiles/CMakeTmp/CheckIncludeFile.c
/Users/zj/Desktop/code/opencv-2.4.9/CMakeFiles/CMakeTmp/CheckIncludeFile.c:1:10: fatal error: 'linux/videodev2.h' file not found
#include <linux/videodev2.h>
         ^
1 error generated.
make[1]: *** [CMakeFiles/cmTryCompileExec760545655.dir/CheckIncludeFile.c.o] Error 1
make: *** [cmTryCompileExec760545655/fast] Error 2


Determining if the include file sys/videoio.h exists failed with the following output:
Change Dir: /Users/zj/Desktop/code/opencv-2.4.9/CMakeFiles/CMakeTmp

Run Build Command:/usr/bin/make "cmTryCompileExec543652893/fast"
/usr/bin/make -f CMakeFiles/cmTryCompileExec543652893.dir/build.make CMakeFiles/cmTryCompileExec543652893.dir/build
/usr/local/Cellar/cmake/2.8.12.1/bin/cmake -E cmake_progress_report /Users/zj/Desktop/code/opencv-2.4.9/CMakeFiles/CMakeTmp/CMakeFiles 1
Building C object CMakeFiles/cmTryCompileExec543652893.dir/CheckIncludeFile.c.o
/usr/bin/cc   -fsigned-char -W -Werror=return-type -Werror=address -Werror=sequence-point -Wformat -Werror=format-security -Wmissing-declarations -Wmissing-prototypes -Wstrict-prototypes -Wundef -Winit-self -Wpointer-arith -Wshadow -Wsign-promo -Wno-narrowing -Wno-delete-non-virtual-dtor -Wno-unnamed-type-template-args -fdiagnostics-show-option -fno-omit-frame-pointer -msse -msse2 -msse3  -O3 -DNDEBUG   -o CMakeFiles/cmTryCompileExec543652893.dir/CheckIncludeFile.c.o   -c /Users/zj/Desktop/code/opencv-2.4.9/CMakeFiles/CMakeTmp/CheckIncludeFile.c
/Users/zj/Desktop/code/opencv-2.4.9/CMakeFiles/CMakeTmp/CheckIncludeFile.c:1:10: fatal error: 'sys/videoio.h' file not found
#include <sys/videoio.h>
         ^
1 error generated.
make[1]: *** [CMakeFiles/cmTryCompileExec543652893.dir/CheckIncludeFile.c.o] Error 1
make: *** [cmTryCompileExec543652893/fast] Error 2


Determining if the include file libavformat/avformat.h exists failed with the following output:
Change Dir: /Users/zj/Desktop/code/opencv-2.4.9/CMakeFiles/CMakeTmp

Run Build Command:/usr/bin/make "cmTryCompileExec102911139/fast"
/usr/bin/make -f CMakeFiles/cmTryCompileExec102911139.dir/build.make CMakeFiles/cmTryCompileExec102911139.dir/build
/usr/local/Cellar/cmake/2.8.12.1/bin/cmake -E cmake_progress_report /Users/zj/Desktop/code/opencv-2.4.9/CMakeFiles/CMakeTmp/CMakeFiles 1
Building C object CMakeFiles/cmTryCompileExec102911139.dir/CheckIncludeFile.c.o
/usr/bin/cc   -fsigned-char -W -Werror=return-type -Werror=address -Werror=sequence-point -Wformat -Werror=format-security -Wmissing-declarations -Wmissing-prototypes -Wstrict-prototypes -Wundef -Winit-self -Wpointer-arith -Wshadow -Wsign-promo -Wno-narrowing -Wno-delete-non-virtual-dtor -Wno-unnamed-type-template-args -fdiagnostics-show-option -fno-omit-frame-pointer -msse -msse2 -msse3  -O3 -DNDEBUG   -o CMakeFiles/cmTryCompileExec102911139.dir/CheckIncludeFile.c.o   -c /Users/zj/Desktop/code/opencv-2.4.9/CMakeFiles/CMakeTmp/CheckIncludeFile.c
/Users/zj/Desktop/code/opencv-2.4.9/CMakeFiles/CMakeTmp/CheckIncludeFile.c:1:10: fatal error: 'libavformat/avformat.h' file not found
#include <libavformat/avformat.h>
         ^
1 error generated.
make[1]: *** [CMakeFiles/cmTryCompileExec102911139.dir/CheckIncludeFile.c.o] Error 1
make: *** [cmTryCompileExec102911139/fast] Error 2


Determining if the include file ffmpeg/avformat.h exists failed with the following output:
Change Dir: /Users/zj/Desktop/code/opencv-2.4.9/CMakeFiles/CMakeTmp

Run Build Command:/usr/bin/make "cmTryCompileExec1282363228/fast"
/usr/bin/make -f CMakeFiles/cmTryCompileExec1282363228.dir/build.make CMakeFiles/cmTryCompileExec1282363228.dir/build
/usr/local/Cellar/cmake/2.8.12.1/bin/cmake -E cmake_progress_report /Users/zj/Desktop/code/opencv-2.4.9/CMakeFiles/CMakeTmp/CMakeFiles 1
Building C object CMakeFiles/cmTryCompileExec1282363228.dir/CheckIncludeFile.c.o
/usr/bin/cc   -fsigned-char -W -Werror=return-type -Werror=address -Werror=sequence-point -Wformat -Werror=format-security -Wmissing-declarations -Wmissing-prototypes -Wstrict-prototypes -Wundef -Winit-self -Wpointer-arith -Wshadow -Wsign-promo -Wno-narrowing -Wno-delete-non-virtual-dtor -Wno-unnamed-type-template-args -fdiagnostics-show-option -fno-omit-frame-pointer -msse -msse2 -msse3  -O3 -DNDEBUG   -o CMakeFiles/cmTryCompileExec1282363228.dir/CheckIncludeFile.c.o   -c /Users/zj/Desktop/code/opencv-2.4.9/CMakeFiles/CMakeTmp/CheckIncludeFile.c
/Users/zj/Desktop/code/opencv-2.4.9/CMakeFiles/CMakeTmp/CheckIncludeFile.c:1:10: fatal error: 'ffmpeg/avformat.h' file not found
#include <ffmpeg/avformat.h>
         ^
1 error generated.
make[1]: *** [CMakeFiles/cmTryCompileExec1282363228.dir/CheckIncludeFile.c.o] Error 1
make: *** [cmTryCompileExec1282363228/fast] Error 2


Determining if the system is big endian passed with the following output:
Change Dir: /Users/zj/Desktop/code/pi/opencv/CMakeFiles/CMakeTmp

Run Build Command:/usr/bin/make "cmTryCompileExec2946828445/fast"
/usr/bin/make -f CMakeFiles/cmTryCompileExec2946828445.dir/build.make CMakeFiles/cmTryCompileExec2946828445.dir/build
/usr/local/Cellar/cmake/2.8.12.1/bin/cmake -E cmake_progress_report /Users/zj/Desktop/code/pi/opencv/CMakeFiles/CMakeTmp/CMakeFiles 1
Building C object CMakeFiles/cmTryCompileExec2946828445.dir/TestEndianess.c.o
/usr/bin/cc   -fsigned-char -W -Werror=return-type -Werror=address -Werror=sequence-point -Wformat -Werror=format-security -Wmissing-declarations -Wmissing-prototypes -Wstrict-prototypes -Wundef -Winit-self -Wpointer-arith -Wshadow -Wsign-promo -Wno-narrowing -Wno-delete-non-virtual-dtor -Wno-unnamed-type-template-args -fdiagnostics-show-option -fno-omit-frame-pointer -msse -msse2 -msse3  -O3 -DNDEBUG   -o CMakeFiles/cmTryCompileExec2946828445.dir/TestEndianess.c.o   -c /Users/zj/Desktop/code/pi/opencv/CMakeFiles/CMakeTmp/TestEndianess.c
Linking C executable cmTryCompileExec2946828445
/usr/local/Cellar/cmake/2.8.12.1/bin/cmake -E cmake_link_script CMakeFiles/cmTryCompileExec2946828445.dir/link.txt --verbose=1
/usr/bin/cc     -fsigned-char -W -Werror=return-type -Werror=address -Werror=sequence-point -Wformat -Werror=format-security -Wmissing-declarations -Wmissing-prototypes -Wstrict-prototypes -Wundef -Winit-self -Wpointer-arith -Wshadow -Wsign-promo -Wno-narrowing -Wno-delete-non-virtual-dtor -Wno-unnamed-type-template-args -fdiagnostics-show-option -fno-omit-frame-pointer -msse -msse2 -msse3  -O3 -DNDEBUG -Wl,-search_paths_first -Wl,-headerpad_max_install_names   CMakeFiles/cmTryCompileExec2946828445.dir/TestEndianess.c.o  -o cmTryCompileExec2946828445  

TestEndianess.c:
/* A 16 bit integer is required. */
typedef unsigned short cmakeint16;

/* On a little endian machine, these 16bit ints will give "THIS IS LITTLE ENDIAN."
   On a big endian machine the characters will be exchanged pairwise. */
const cmakeint16 info_little[] =  {0x4854, 0x5349, 0x4920, 0x2053, 0x494c, 0x5454, 0x454c, 0x4520, 0x444e, 0x4149, 0x2e4e, 0x0000};

/* on a big endian machine, these 16bit ints will give "THIS IS BIG ENDIAN."
   On a little endian machine the characters will be exchanged pairwise. */
const cmakeint16 info_big[] =     {0x5448, 0x4953, 0x2049, 0x5320, 0x4249, 0x4720, 0x454e, 0x4449, 0x414e, 0x2e2e, 0x0000};

#ifdef __CLASSIC_C__
int main(argc, argv) int argc; char *argv[];
#else
int main(int argc, char *argv[])
#endif
{
  int require = 0;
  require += info_little[argc];
  require += info_big[argc];
  (void)argv;
  return require;
}


Determining size of off64_t failed with the following output:
Change Dir: /Users/zj/Desktop/code/pi/opencv/CMakeFiles/CMakeTmp

Run Build Command:/usr/bin/make "cmTryCompileExec4096488841/fast"
/usr/bin/make -f CMakeFiles/cmTryCompileExec4096488841.dir/build.make CMakeFiles/cmTryCompileExec4096488841.dir/build
/usr/local/Cellar/cmake/2.8.12.1/bin/cmake -E cmake_progress_report /Users/zj/Desktop/code/pi/opencv/CMakeFiles/CMakeTmp/CMakeFiles 1
Building C object CMakeFiles/cmTryCompileExec4096488841.dir/OFF64_T.c.o
/usr/bin/cc   -fsigned-char -W -Werror=return-type -Werror=address -Werror=sequence-point -Wformat -Werror=format-security -Wmissing-declarations -Wmissing-prototypes -Wstrict-prototypes -Wundef -Winit-self -Wpointer-arith -Wshadow -Wsign-promo -Wno-narrowing -Wno-delete-non-virtual-dtor -Wno-unnamed-type-template-args -fdiagnostics-show-option -fno-omit-frame-pointer -msse -msse2 -msse3  -O3 -DNDEBUG   -o CMakeFiles/cmTryCompileExec4096488841.dir/OFF64_T.c.o   -c /Users/zj/Desktop/code/pi/opencv/CMakeFiles/CheckTypeSize/OFF64_T.c
/Users/zj/Desktop/code/pi/opencv/CMakeFiles/CheckTypeSize/OFF64_T.c:19:12: error: use of undeclared identifier 'off64_t'; did you mean 'off_t'?
  ('0' + ((SIZE / 10000)%10)),
           ^
/Users/zj/Desktop/code/pi/opencv/CMakeFiles/CheckTypeSize/OFF64_T.c:17:22: note: expanded from macro 'SIZE'
#define SIZE (sizeof(off64_t))
                     ^
/usr/include/sys/types.h:172:25: note: 'off_t' declared here
typedef __darwin_off_t          off_t;
                                ^
/Users/zj/Desktop/code/pi/opencv/CMakeFiles/CheckTypeSize/OFF64_T.c:20:12: error: use of undeclared identifier 'off64_t'; did you mean 'off_t'?
  ('0' + ((SIZE / 1000)%10)),
           ^
/Users/zj/Desktop/code/pi/opencv/CMakeFiles/CheckTypeSize/OFF64_T.c:17:22: note: expanded from macro 'SIZE'
#define SIZE (sizeof(off64_t))
                     ^
/usr/include/sys/types.h:172:25: note: 'off_t' declared here
typedef __darwin_off_t          off_t;
                                ^
/Users/zj/Desktop/code/pi/opencv/CMakeFiles/CheckTypeSize/OFF64_T.c:21:12: error: use of undeclared identifier 'off64_t'; did you mean 'off_t'?
  ('0' + ((SIZE / 100)%10)),
           ^
/Users/zj/Desktop/code/pi/opencv/CMakeFiles/CheckTypeSize/OFF64_T.c:17:22: note: expanded from macro 'SIZE'
#define SIZE (sizeof(off64_t))
                     ^
/usr/include/sys/types.h:172:25: note: 'off_t' declared here
typedef __darwin_off_t          off_t;
                                ^
/Users/zj/Desktop/code/pi/opencv/CMakeFiles/CheckTypeSize/OFF64_T.c:22:12: error: use of undeclared identifier 'off64_t'; did you mean 'off_t'?
  ('0' + ((SIZE / 10)%10)),
           ^
/Users/zj/Desktop/code/pi/opencv/CMakeFiles/CheckTypeSize/OFF64_T.c:17:22: note: expanded from macro 'SIZE'
#define SIZE (sizeof(off64_t))
                     ^
/usr/include/sys/types.h:172:25: note: 'off_t' declared here
typedef __darwin_off_t          off_t;
                                ^
/Users/zj/Desktop/code/pi/opencv/CMakeFiles/CheckTypeSize/OFF64_T.c:23:12: error: use of undeclared identifier 'off64_t'; did you mean 'off_t'?
  ('0' +  (SIZE    % 10)),
           ^
/Users/zj/Desktop/code/pi/opencv/CMakeFiles/CheckTypeSize/OFF64_T.c:17:22: note: expanded from macro 'SIZE'
#define SIZE (sizeof(off64_t))
                     ^
/usr/include/sys/types.h:172:25: note: 'off_t' declared here
typedef __darwin_off_t          off_t;
                                ^
5 errors generated.
make[1]: *** [CMakeFiles/cmTryCompileExec4096488841.dir/OFF64_T.c.o] Error 1
make: *** [cmTryCompileExec4096488841/fast] Error 2

/Users/zj/Desktop/code/pi/opencv/CMakeFiles/CheckTypeSize/OFF64_T.c:
#include <sys/types.h>
#include <stdint.h>
#include <stddef.h>


#undef KEY
#if defined(__i386)
# define KEY '_','_','i','3','8','6'
#elif defined(__x86_64)
# define KEY '_','_','x','8','6','_','6','4'
#elif defined(__ppc__)
# define KEY '_','_','p','p','c','_','_'
#elif defined(__ppc64__)
# define KEY '_','_','p','p','c','6','4','_','_'
#endif

#define SIZE (sizeof(off64_t))
char info_size[] =  {'I', 'N', 'F', 'O', ':', 's','i','z','e','[',
  ('0' + ((SIZE / 10000)%10)),
  ('0' + ((SIZE / 1000)%10)),
  ('0' + ((SIZE / 100)%10)),
  ('0' + ((SIZE / 10)%10)),
  ('0' +  (SIZE    % 10)),
  ']',
#ifdef KEY
  ' ','k','e','y','[', KEY, ']',
#endif
  '\0'};

#ifdef __CLASSIC_C__
int main(argc, argv) int argc; char *argv[];
#else
int main(int argc, char *argv[])
#endif
{
  int require = 0;
  require += info_size[argc];
  (void)argv;
  return require;
}


Determining if the include file io.h exists failed with the following output:
Change Dir: /Users/zj/Desktop/code/pi/opencv/CMakeFiles/CMakeTmp

Run Build Command:/usr/bin/make "cmTryCompileExec758657044/fast"
/usr/bin/make -f CMakeFiles/cmTryCompileExec758657044.dir/build.make CMakeFiles/cmTryCompileExec758657044.dir/build
/usr/local/Cellar/cmake/2.8.12.1/bin/cmake -E cmake_progress_report /Users/zj/Desktop/code/pi/opencv/CMakeFiles/CMakeTmp/CMakeFiles 1
Building C object CMakeFiles/cmTryCompileExec758657044.dir/CheckIncludeFile.c.o
/usr/bin/cc   -fsigned-char -W -Werror=return-type -Werror=address -Werror=sequence-point -Wformat -Werror=format-security -Wmissing-declarations -Wmissing-prototypes -Wstrict-prototypes -Wundef -Winit-self -Wpointer-arith -Wshadow -Wsign-promo -Wno-narrowing -Wno-delete-non-virtual-dtor -Wno-unnamed-type-template-args -fdiagnostics-show-option -fno-omit-frame-pointer -msse -msse2 -msse3  -O3 -DNDEBUG   -o CMakeFiles/cmTryCompileExec758657044.dir/CheckIncludeFile.c.o   -c /Users/zj/Desktop/code/pi/opencv/CMakeFiles/CMakeTmp/CheckIncludeFile.c
/Users/zj/Desktop/code/pi/opencv/CMakeFiles/CMakeTmp/CheckIncludeFile.c:1:10: fatal error: 'io.h' file not found
#include <io.h>
         ^
1 error generated.
make[1]: *** [CMakeFiles/cmTryCompileExec758657044.dir/CheckIncludeFile.c.o] Error 1
make: *** [cmTryCompileExec758657044/fast] Error 2


Determining if the function jbg_newlen exists failed with the following output:
Change Dir: /Users/zj/Desktop/code/pi/opencv/CMakeFiles/CMakeTmp

Run Build Command:/usr/bin/make "cmTryCompileExec3614783815/fast"
/usr/bin/make -f CMakeFiles/cmTryCompileExec3614783815.dir/build.make CMakeFiles/cmTryCompileExec3614783815.dir/build
/usr/local/Cellar/cmake/2.8.12.1/bin/cmake -E cmake_progress_report /Users/zj/Desktop/code/pi/opencv/CMakeFiles/CMakeTmp/CMakeFiles 1
Building C object CMakeFiles/cmTryCompileExec3614783815.dir/CheckFunctionExists.c.o
/usr/bin/cc   -fsigned-char -W -Werror=return-type -Werror=address -Werror=sequence-point -Wformat -Werror=format-security -Wmissing-declarations -Wmissing-prototypes -Wstrict-prototypes -Wundef -Winit-self -Wpointer-arith -Wshadow -Wsign-promo -Wno-narrowing -Wno-delete-non-virtual-dtor -Wno-unnamed-type-template-args -fdiagnostics-show-option -fno-omit-frame-pointer -msse -msse2 -msse3 -DCHECK_FUNCTION_EXISTS=jbg_newlen -O3 -DNDEBUG   -o CMakeFiles/cmTryCompileExec3614783815.dir/CheckFunctionExists.c.o   -c /usr/local/Cellar/cmake/2.8.12.1/share/cmake/Modules/CheckFunctionExists.c
Linking C executable cmTryCompileExec3614783815
/usr/local/Cellar/cmake/2.8.12.1/bin/cmake -E cmake_link_script CMakeFiles/cmTryCompileExec3614783815.dir/link.txt --verbose=1
/usr/bin/cc     -fsigned-char -W -Werror=return-type -Werror=address -Werror=sequence-point -Wformat -Werror=format-security -Wmissing-declarations -Wmissing-prototypes -Wstrict-prototypes -Wundef -Winit-self -Wpointer-arith -Wshadow -Wsign-promo -Wno-narrowing -Wno-delete-non-virtual-dtor -Wno-unnamed-type-template-args -fdiagnostics-show-option -fno-omit-frame-pointer -msse -msse2 -msse3 -DCHECK_FUNCTION_EXISTS=jbg_newlen -O3 -DNDEBUG -Wl,-search_paths_first -Wl,-headerpad_max_install_names   CMakeFiles/cmTryCompileExec3614783815.dir/CheckFunctionExists.c.o  -o cmTryCompileExec3614783815  
Undefined symbols for architecture x86_64:
  "_jbg_newlen", referenced from:
      _main in CheckFunctionExists.c.o
ld: symbol(s) not found for architecture x86_64
clang: error: linker command failed with exit code 1 (use -v to see invocation)
make[1]: *** [cmTryCompileExec3614783815] Error 1
make: *** [cmTryCompileExec3614783815/fast] Error 2


Determining if the include file linux/videodev.h exists failed with the following output:
Change Dir: /Users/zj/Desktop/code/pi/opencv/CMakeFiles/CMakeTmp

Run Build Command:/usr/bin/make "cmTryCompileExec1546580491/fast"
/usr/bin/make -f CMakeFiles/cmTryCompileExec1546580491.dir/build.make CMakeFiles/cmTryCompileExec1546580491.dir/build
/usr/local/Cellar/cmake/2.8.12.1/bin/cmake -E cmake_progress_report /Users/zj/Desktop/code/pi/opencv/CMakeFiles/CMakeTmp/CMakeFiles 1
Building C object CMakeFiles/cmTryCompileExec1546580491.dir/CheckIncludeFile.c.o
/usr/bin/cc   -fsigned-char -W -Werror=return-type -Werror=address -Werror=sequence-point -Wformat -Werror=format-security -Wmissing-declarations -Wmissing-prototypes -Wstrict-prototypes -Wundef -Winit-self -Wpointer-arith -Wshadow -Wsign-promo -Wno-narrowing -Wno-delete-non-virtual-dtor -Wno-unnamed-type-template-args -fdiagnostics-show-option -fno-omit-frame-pointer -msse -msse2 -msse3  -O3 -DNDEBUG   -o CMakeFiles/cmTryCompileExec1546580491.dir/CheckIncludeFile.c.o   -c /Users/zj/Desktop/code/pi/opencv/CMakeFiles/CMakeTmp/CheckIncludeFile.c
/Users/zj/Desktop/code/pi/opencv/CMakeFiles/CMakeTmp/CheckIncludeFile.c:1:10: fatal error: 'linux/videodev.h' file not found
#include <linux/videodev.h>
         ^
1 error generated.
make[1]: *** [CMakeFiles/cmTryCompileExec1546580491.dir/CheckIncludeFile.c.o] Error 1
make: *** [cmTryCompileExec1546580491/fast] Error 2


Determining if the include file linux/videodev2.h exists failed with the following output:
Change Dir: /Users/zj/Desktop/code/pi/opencv/CMakeFiles/CMakeTmp

Run Build Command:/usr/bin/make "cmTryCompileExec105010056/fast"
/usr/bin/make -f CMakeFiles/cmTryCompileExec105010056.dir/build.make CMakeFiles/cmTryCompileExec105010056.dir/build
/usr/local/Cellar/cmake/2.8.12.1/bin/cmake -E cmake_progress_report /Users/zj/Desktop/code/pi/opencv/CMakeFiles/CMakeTmp/CMakeFiles 1
Building C object CMakeFiles/cmTryCompileExec105010056.dir/CheckIncludeFile.c.o
/usr/bin/cc   -fsigned-char -W -Werror=return-type -Werror=address -Werror=sequence-point -Wformat -Werror=format-security -Wmissing-declarations -Wmissing-prototypes -Wstrict-prototypes -Wundef -Winit-self -Wpointer-arith -Wshadow -Wsign-promo -Wno-narrowing -Wno-delete-non-virtual-dtor -Wno-unnamed-type-template-args -fdiagnostics-show-option -fno-omit-frame-pointer -msse -msse2 -msse3  -O3 -DNDEBUG   -o CMakeFiles/cmTryCompileExec105010056.dir/CheckIncludeFile.c.o   -c /Users/zj/Desktop/code/pi/opencv/CMakeFiles/CMakeTmp/CheckIncludeFile.c
/Users/zj/Desktop/code/pi/opencv/CMakeFiles/CMakeTmp/CheckIncludeFile.c:1:10: fatal error: 'linux/videodev2.h' file not found
#include <linux/videodev2.h>
         ^
1 error generated.
make[1]: *** [CMakeFiles/cmTryCompileExec105010056.dir/CheckIncludeFile.c.o] Error 1
make: *** [cmTryCompileExec105010056/fast] Error 2


Determining if the include file sys/videoio.h exists failed with the following output:
Change Dir: /Users/zj/Desktop/code/pi/opencv/CMakeFiles/CMakeTmp

Run Build Command:/usr/bin/make "cmTryCompileExec3924035352/fast"
/usr/bin/make -f CMakeFiles/cmTryCompileExec3924035352.dir/build.make CMakeFiles/cmTryCompileExec3924035352.dir/build
/usr/local/Cellar/cmake/2.8.12.1/bin/cmake -E cmake_progress_report /Users/zj/Desktop/code/pi/opencv/CMakeFiles/CMakeTmp/CMakeFiles 1
Building C object CMakeFiles/cmTryCompileExec3924035352.dir/CheckIncludeFile.c.o
/usr/bin/cc   -fsigned-char -W -Werror=return-type -Werror=address -Werror=sequence-point -Wformat -Werror=format-security -Wmissing-declarations -Wmissing-prototypes -Wstrict-prototypes -Wundef -Winit-self -Wpointer-arith -Wshadow -Wsign-promo -Wno-narrowing -Wno-delete-non-virtual-dtor -Wno-unnamed-type-template-args -fdiagnostics-show-option -fno-omit-frame-pointer -msse -msse2 -msse3  -O3 -DNDEBUG   -o CMakeFiles/cmTryCompileExec3924035352.dir/CheckIncludeFile.c.o   -c /Users/zj/Desktop/code/pi/opencv/CMakeFiles/CMakeTmp/CheckIncludeFile.c
/Users/zj/Desktop/code/pi/opencv/CMakeFiles/CMakeTmp/CheckIncludeFile.c:1:10: fatal error: 'sys/videoio.h' file not found
#include <sys/videoio.h>
         ^
1 error generated.
make[1]: *** [CMakeFiles/cmTryCompileExec3924035352.dir/CheckIncludeFile.c.o] Error 1
make: *** [cmTryCompileExec3924035352/fast] Error 2


Determining if the include file libavformat/avformat.h exists failed with the following output:
Change Dir: /Users/zj/Desktop/code/pi/opencv/CMakeFiles/CMakeTmp

Run Build Command:/usr/bin/make "cmTryCompileExec2181619704/fast"
/usr/bin/make -f CMakeFiles/cmTryCompileExec2181619704.dir/build.make CMakeFiles/cmTryCompileExec2181619704.dir/build
/usr/local/Cellar/cmake/2.8.12.1/bin/cmake -E cmake_progress_report /Users/zj/Desktop/code/pi/opencv/CMakeFiles/CMakeTmp/CMakeFiles 1
Building C object CMakeFiles/cmTryCompileExec2181619704.dir/CheckIncludeFile.c.o
/usr/bin/cc   -fsigned-char -W -Werror=return-type -Werror=address -Werror=sequence-point -Wformat -Werror=format-security -Wmissing-declarations -Wmissing-prototypes -Wstrict-prototypes -Wundef -Winit-self -Wpointer-arith -Wshadow -Wsign-promo -Wno-narrowing -Wno-delete-non-virtual-dtor -Wno-unnamed-type-template-args -fdiagnostics-show-option -fno-omit-frame-pointer -msse -msse2 -msse3  -O3 -DNDEBUG   -o CMakeFiles/cmTryCompileExec2181619704.dir/CheckIncludeFile.c.o   -c /Users/zj/Desktop/code/pi/opencv/CMakeFiles/CMakeTmp/CheckIncludeFile.c
/Users/zj/Desktop/code/pi/opencv/CMakeFiles/CMakeTmp/CheckIncludeFile.c:1:10: fatal error: 'libavformat/avformat.h' file not found
#include <libavformat/avformat.h>
         ^
1 error generated.
make[1]: *** [CMakeFiles/cmTryCompileExec2181619704.dir/CheckIncludeFile.c.o] Error 1
make: *** [cmTryCompileExec2181619704/fast] Error 2


Determining if the include file ffmpeg/avformat.h exists failed with the following output:
Change Dir: /Users/zj/Desktop/code/pi/opencv/CMakeFiles/CMakeTmp

Run Build Command:/usr/bin/make "cmTryCompileExec2452567045/fast"
/usr/bin/make -f CMakeFiles/cmTryCompileExec2452567045.dir/build.make CMakeFiles/cmTryCompileExec2452567045.dir/build
/usr/local/Cellar/cmake/2.8.12.1/bin/cmake -E cmake_progress_report /Users/zj/Desktop/code/pi/opencv/CMakeFiles/CMakeTmp/CMakeFiles 1
Building C object CMakeFiles/cmTryCompileExec2452567045.dir/CheckIncludeFile.c.o
/usr/bin/cc   -fsigned-char -W -Werror=return-type -Werror=address -Werror=sequence-point -Wformat -Werror=format-security -Wmissing-declarations -Wmissing-prototypes -Wstrict-prototypes -Wundef -Winit-self -Wpointer-arith -Wshadow -Wsign-promo -Wno-narrowing -Wno-delete-non-virtual-dtor -Wno-unnamed-type-template-args -fdiagnostics-show-option -fno-omit-frame-pointer -msse -msse2 -msse3  -O3 -DNDEBUG   -o CMakeFiles/cmTryCompileExec2452567045.dir/CheckIncludeFile.c.o   -c /Users/zj/Desktop/code/pi/opencv/CMakeFiles/CMakeTmp/CheckIncludeFile.c
/Users/zj/Desktop/code/pi/opencv/CMakeFiles/CMakeTmp/CheckIncludeFile.c:1:10: fatal error: 'ffmpeg/avformat.h' file not found
#include <ffmpeg/avformat.h>
         ^
1 error generated.
make[1]: *** [CMakeFiles/cmTryCompileExec2452567045.dir/CheckIncludeFile.c.o] Error 1
make: *** [cmTryCompileExec2452567045/fast] Error 2


Determining if the include file linux/videodev.h exists failed with the following output:
Change Dir: /Users/zj/Desktop/code/pi/opencv/CMakeFiles/CMakeTmp

Run Build Command:/usr/bin/make "cmTryCompileExec2424448287/fast"
/usr/bin/make -f CMakeFiles/cmTryCompileExec2424448287.dir/build.make CMakeFiles/cmTryCompileExec2424448287.dir/build
/usr/local/Cellar/cmake/2.8.12.1/bin/cmake -E cmake_progress_report /Users/zj/Desktop/code/pi/opencv/CMakeFiles/CMakeTmp/CMakeFiles 1
Building C object CMakeFiles/cmTryCompileExec2424448287.dir/CheckIncludeFile.c.o
/usr/bin/cc   -fsigned-char -W -Werror=return-type -Werror=address -Werror=sequence-point -Wformat -Werror=format-security -Wmissing-declarations -Wmissing-prototypes -Wstrict-prototypes -Wundef -Winit-self -Wpointer-arith -Wshadow -Wsign-promo -Wno-narrowing -Wno-delete-non-virtual-dtor -Wno-unnamed-type-template-args -fdiagnostics-show-option -fno-omit-frame-pointer -msse -msse2 -msse3  -O3 -DNDEBUG   -o CMakeFiles/cmTryCompileExec2424448287.dir/CheckIncludeFile.c.o   -c /Users/zj/Desktop/code/pi/opencv/CMakeFiles/CMakeTmp/CheckIncludeFile.c
/Users/zj/Desktop/code/pi/opencv/CMakeFiles/CMakeTmp/CheckIncludeFile.c:1:10: fatal error: 'linux/videodev.h' file not found
#include <linux/videodev.h>
         ^
1 error generated.
make[1]: *** [CMakeFiles/cmTryCompileExec2424448287.dir/CheckIncludeFile.c.o] Error 1
make: *** [cmTryCompileExec2424448287/fast] Error 2


Determining if the include file linux/videodev2.h exists failed with the following output:
Change Dir: /Users/zj/Desktop/code/pi/opencv/CMakeFiles/CMakeTmp

Run Build Command:/usr/bin/make "cmTryCompileExec3432294052/fast"
/usr/bin/make -f CMakeFiles/cmTryCompileExec3432294052.dir/build.make CMakeFiles/cmTryCompileExec3432294052.dir/build
/usr/local/Cellar/cmake/2.8.12.1/bin/cmake -E cmake_progress_report /Users/zj/Desktop/code/pi/opencv/CMakeFiles/CMakeTmp/CMakeFiles 1
Building C object CMakeFiles/cmTryCompileExec3432294052.dir/CheckIncludeFile.c.o
/usr/bin/cc   -fsigned-char -W -Werror=return-type -Werror=address -Werror=sequence-point -Wformat -Werror=format-security -Wmissing-declarations -Wmissing-prototypes -Wstrict-prototypes -Wundef -Winit-self -Wpointer-arith -Wshadow -Wsign-promo -Wno-narrowing -Wno-delete-non-virtual-dtor -Wno-unnamed-type-template-args -fdiagnostics-show-option -fno-omit-frame-pointer -msse -msse2 -msse3  -O3 -DNDEBUG   -o CMakeFiles/cmTryCompileExec3432294052.dir/CheckIncludeFile.c.o   -c /Users/zj/Desktop/code/pi/opencv/CMakeFiles/CMakeTmp/CheckIncludeFile.c
/Users/zj/Desktop/code/pi/opencv/CMakeFiles/CMakeTmp/CheckIncludeFile.c:1:10: fatal error: 'linux/videodev2.h' file not found
#include <linux/videodev2.h>
         ^
1 error generated.
make[1]: *** [CMakeFiles/cmTryCompileExec3432294052.dir/CheckIncludeFile.c.o] Error 1
make: *** [cmTryCompileExec3432294052/fast] Error 2


Determining if the include file sys/videoio.h exists failed with the following output:
Change Dir: /Users/zj/Desktop/code/pi/opencv/CMakeFiles/CMakeTmp

Run Build Command:/usr/bin/make "cmTryCompileExec1321058972/fast"
/usr/bin/make -f CMakeFiles/cmTryCompileExec1321058972.dir/build.make CMakeFiles/cmTryCompileExec1321058972.dir/build
/usr/local/Cellar/cmake/2.8.12.1/bin/cmake -E cmake_progress_report /Users/zj/Desktop/code/pi/opencv/CMakeFiles/CMakeTmp/CMakeFiles 1
Building C object CMakeFiles/cmTryCompileExec1321058972.dir/CheckIncludeFile.c.o
/usr/bin/cc   -fsigned-char -W -Werror=return-type -Werror=address -Werror=sequence-point -Wformat -Werror=format-security -Wmissing-declarations -Wmissing-prototypes -Wstrict-prototypes -Wundef -Winit-self -Wpointer-arith -Wshadow -Wsign-promo -Wno-narrowing -Wno-delete-non-virtual-dtor -Wno-unnamed-type-template-args -fdiagnostics-show-option -fno-omit-frame-pointer -msse -msse2 -msse3  -O3 -DNDEBUG   -o CMakeFiles/cmTryCompileExec1321058972.dir/CheckIncludeFile.c.o   -c /Users/zj/Desktop/code/pi/opencv/CMakeFiles/CMakeTmp/CheckIncludeFile.c
/Users/zj/Desktop/code/pi/opencv/CMakeFiles/CMakeTmp/CheckIncludeFile.c:1:10: fatal error: 'sys/videoio.h' file not found
#include <sys/videoio.h>
         ^
1 error generated.
make[1]: *** [CMakeFiles/cmTryCompileExec1321058972.dir/CheckIncludeFile.c.o] Error 1
make: *** [cmTryCompileExec1321058972/fast] Error 2


Determining if the include file libavformat/avformat.h exists failed with the following output:
Change Dir: /Users/zj/Desktop/code/pi/opencv/CMakeFiles/CMakeTmp

Run Build Command:/usr/bin/make "cmTryCompileExec3132501089/fast"
/usr/bin/make -f CMakeFiles/cmTryCompileExec3132501089.dir/build.make CMakeFiles/cmTryCompileExec3132501089.dir/build
/usr/local/Cellar/cmake/2.8.12.1/bin/cmake -E cmake_progress_report /Users/zj/Desktop/code/pi/opencv/CMakeFiles/CMakeTmp/CMakeFiles 1
Building C object CMakeFiles/cmTryCompileExec3132501089.dir/CheckIncludeFile.c.o
/usr/bin/cc   -fsigned-char -W -Werror=return-type -Werror=address -Werror=sequence-point -Wformat -Werror=format-security -Wmissing-declarations -Wmissing-prototypes -Wstrict-prototypes -Wundef -Winit-self -Wpointer-arith -Wshadow -Wsign-promo -Wno-narrowing -Wno-delete-non-virtual-dtor -Wno-unnamed-type-template-args -fdiagnostics-show-option -fno-omit-frame-pointer -msse -msse2 -msse3  -O3 -DNDEBUG   -o CMakeFiles/cmTryCompileExec3132501089.dir/CheckIncludeFile.c.o   -c /Users/zj/Desktop/code/pi/opencv/CMakeFiles/CMakeTmp/CheckIncludeFile.c
/Users/zj/Desktop/code/pi/opencv/CMakeFiles/CMakeTmp/CheckIncludeFile.c:1:10: fatal error: 'libavformat/avformat.h' file not found
#include <libavformat/avformat.h>
         ^
1 error generated.
make[1]: *** [CMakeFiles/cmTryCompileExec3132501089.dir/CheckIncludeFile.c.o] Error 1
make: *** [cmTryCompileExec3132501089/fast] Error 2


Determining if the include file ffmpeg/avformat.h exists failed with the following output:
Change Dir: /Users/zj/Desktop/code/pi/opencv/CMakeFiles/CMakeTmp

Run Build Command:/usr/bin/make "cmTryCompileExec3908849281/fast"
/usr/bin/make -f CMakeFiles/cmTryCompileExec3908849281.dir/build.make CMakeFiles/cmTryCompileExec3908849281.dir/build
/usr/local/Cellar/cmake/2.8.12.1/bin/cmake -E cmake_progress_report /Users/zj/Desktop/code/pi/opencv/CMakeFiles/CMakeTmp/CMakeFiles 1
Building C object CMakeFiles/cmTryCompileExec3908849281.dir/CheckIncludeFile.c.o
/usr/bin/cc   -fsigned-char -W -Werror=return-type -Werror=address -Werror=sequence-point -Wformat -Werror=format-security -Wmissing-declarations -Wmissing-prototypes -Wstrict-prototypes -Wundef -Winit-self -Wpointer-arith -Wshadow -Wsign-promo -Wno-narrowing -Wno-delete-non-virtual-dtor -Wno-unnamed-type-template-args -fdiagnostics-show-option -fno-omit-frame-pointer -msse -msse2 -msse3  -O3 -DNDEBUG   -o CMakeFiles/cmTryCompileExec3908849281.dir/CheckIncludeFile.c.o   -c /Users/zj/Desktop/code/pi/opencv/CMakeFiles/CMakeTmp/CheckIncludeFile.c
/Users/zj/Desktop/code/pi/opencv/CMakeFiles/CMakeTmp/CheckIncludeFile.c:1:10: fatal error: 'ffmpeg/avformat.h' file not found
#include <ffmpeg/avformat.h>
         ^
1 error generated.
make[1]: *** [CMakeFiles/cmTryCompileExec3908849281.dir/CheckIncludeFile.c.o] Error 1
make: *** [cmTryCompileExec3908849281/fast] Error 2


